Job 60978998 released
Load modules
Lmod has detected the following error: These module(s) or extension(s) exist
but cannot be loaded as requested: "arrow"
   Try: "module spider arrow" to see how to load the module(s).



Create virtual environemnt
Please load a Python module before running virtualenv.
/var/spool/slurmd/job60978998/slurm_script: line 22: /localscratch/tbury.60978998.0/venv/bin/activate: No such file or directory
Install packages
Defaulting to user installation because normal site-packages is not writeable
Looking in links: /cvmfs/soft.computecanada.ca/custom/python/wheelhouse/gentoo/avx2, /cvmfs/soft.computecanada.ca/custom/python/wheelhouse/gentoo/generic, /cvmfs/soft.computecanada.ca/custom/python/wheelhouse/generic
Requirement already satisfied: pip in /home/tbury/.local/lib/python3.10/site-packages (23.0+computecanada)
Defaulting to user installation because normal site-packages is not writeable
Looking in links: /cvmfs/soft.computecanada.ca/custom/python/wheelhouse/gentoo/avx2, /cvmfs/soft.computecanada.ca/custom/python/wheelhouse/gentoo/generic, /cvmfs/soft.computecanada.ca/custom/python/wheelhouse/generic
Processing /cvmfs/soft.computecanada.ca/custom/python/wheelhouse/gentoo/generic/tensorflow-2.11.0+computecanada-cp310-cp310-linux_x86_64.whl
Processing /cvmfs/soft.computecanada.ca/custom/python/wheelhouse/gentoo/generic/numpy-1.24.2+computecanada-cp310-cp310-linux_x86_64.whl
Collecting protobuf<3.20,>=3.9.2
  Using cached protobuf-3.19.6-py2.py3-none-any.whl (162 kB)
Processing /cvmfs/soft.computecanada.ca/custom/python/wheelhouse/generic/tensorflow_estimator-2.11.0+computecanada-py2.py3-none-any.whl
Processing /cvmfs/soft.computecanada.ca/custom/python/wheelhouse/generic/gast-0.4.0+computecanada-py3-none-any.whl
Processing /cvmfs/soft.computecanada.ca/custom/python/wheelhouse/generic/tensorflow_io_gcs_filesystem-0.26.0+computecanada-cp310-cp310-linux_x86_64.whl
Processing /cvmfs/soft.computecanada.ca/custom/python/wheelhouse/generic/libclang-14.0.1+computecanada-py2.py3-none-linux_x86_64.whl
Processing /cvmfs/soft.computecanada.ca/custom/python/wheelhouse/generic/keras-2.11.0+computecanada-py2.py3-none-any.whl
Requirement already satisfied: packaging in /cvmfs/soft.computecanada.ca/easybuild/software/2020/avx2/Core/python/3.10.2/lib/python3.10/site-packages (from tensorflow) (21.3)
Processing /cvmfs/soft.computecanada.ca/custom/python/wheelhouse/generic/grpcio-1.47.0+computecanada-cp310-cp310-linux_x86_64.whl
Processing /cvmfs/soft.computecanada.ca/custom/python/wheelhouse/generic/flatbuffers-20190709135844+computecanada-py2.py3-none-any.whl
Requirement already satisfied: six>=1.12.0 in /cvmfs/soft.computecanada.ca/easybuild/software/2020/avx2/Core/python/3.10.2/lib/python3.10/site-packages (from tensorflow) (1.16.0)
Processing /cvmfs/soft.computecanada.ca/custom/python/wheelhouse/generic/absl_py-1.4.0+computecanada-py3-none-any.whl
Processing /cvmfs/soft.computecanada.ca/custom/python/wheelhouse/generic/astunparse-1.6.3+computecanada-py2.py3-none-any.whl
Collecting termcolor>=1.1.0
  Using cached termcolor-2.2.0-py3-none-any.whl (6.6 kB)
Processing /cvmfs/soft.computecanada.ca/custom/python/wheelhouse/generic/google_pasta-0.2.0+computecanada-py3-none-any.whl
Processing /cvmfs/soft.computecanada.ca/custom/python/wheelhouse/generic/opt_einsum-3.3.0+computecanada-py3-none-any.whl
Requirement already satisfied: setuptools in /cvmfs/soft.computecanada.ca/easybuild/software/2020/avx2/Core/python/3.10.2/lib/python3.10/site-packages (from tensorflow) (60.7.1)
Requirement already satisfied: h5py>=2.9.0 in /home/tbury/.local/lib/python3.10/site-packages (from tensorflow) (3.7.0+computecanada)
Collecting tensorboard<2.12,>=2.11
  Using cached tensorboard-2.11.2-py3-none-any.whl (6.0 MB)
Processing /cvmfs/soft.computecanada.ca/custom/python/wheelhouse/generic/typing_extensions-4.5.0+computecanada-py3-none-any.whl
Processing /cvmfs/soft.computecanada.ca/custom/python/wheelhouse/generic/wrapt-1.14.1+computecanada-cp310-cp310-linux_x86_64.whl
Requirement already satisfied: wheel<1.0,>=0.23.0 in /cvmfs/soft.computecanada.ca/easybuild/software/2020/avx2/Core/python/3.10.2/lib/python3.10/site-packages (from astunparse>=1.6.0->tensorflow) (0.37.1)
Processing /cvmfs/soft.computecanada.ca/custom/python/wheelhouse/generic/tensorboard_data_server-0.6.1+computecanada-py3-none-linux_x86_64.whl
Processing /cvmfs/soft.computecanada.ca/custom/python/wheelhouse/generic/tensorboard_plugin_wit-1.8.1+computecanada-py3-none-any.whl
Collecting google-auth<3,>=1.6.3
  Using cached google_auth-2.16.1-py2.py3-none-any.whl (177 kB)
Processing /cvmfs/soft.computecanada.ca/custom/python/wheelhouse/generic/Markdown-3.4.1+computecanada-py3-none-any.whl
Processing /cvmfs/soft.computecanada.ca/custom/python/wheelhouse/generic/google_auth_oauthlib-0.4.6+computecanada-py2.py3-none-any.whl
Processing /cvmfs/soft.computecanada.ca/custom/python/wheelhouse/generic/Werkzeug-2.2.3+computecanada-py3-none-any.whl
Processing /cvmfs/soft.computecanada.ca/custom/python/wheelhouse/generic/requests-2.28.2+computecanada-py3-none-any.whl
Requirement already satisfied: pyparsing!=3.0.5,>=2.0.2 in /cvmfs/soft.computecanada.ca/easybuild/software/2020/avx2/Core/python/3.10.2/lib/python3.10/site-packages (from packaging->tensorflow) (3.0.7)
Processing /cvmfs/soft.computecanada.ca/custom/python/wheelhouse/generic/pyasn1_modules-0.2.8+computecanada-py2.py3-none-any.whl
Processing /cvmfs/soft.computecanada.ca/custom/python/wheelhouse/generic/cachetools-5.3.0+computecanada-py3-none-any.whl
Processing /cvmfs/soft.computecanada.ca/custom/python/wheelhouse/generic/rsa-4.9+computecanada-py3-none-any.whl
Processing /cvmfs/soft.computecanada.ca/custom/python/wheelhouse/generic/requests_oauthlib-1.3.1+computecanada-py2.py3-none-any.whl
Processing /cvmfs/soft.computecanada.ca/custom/python/wheelhouse/generic/urllib3-1.26.14+computecanada-py2.py3-none-any.whl
Processing /cvmfs/soft.computecanada.ca/custom/python/wheelhouse/generic/idna-3.4+computecanada-py3-none-any.whl
Processing /cvmfs/soft.computecanada.ca/custom/python/wheelhouse/generic/certifi-2022.12.7+computecanada-py3-none-any.whl
Processing /cvmfs/soft.computecanada.ca/custom/python/wheelhouse/generic/charset_normalizer-3.0.1+computecanada-py3-none-any.whl
Processing /cvmfs/soft.computecanada.ca/custom/python/wheelhouse/gentoo/generic/MarkupSafe-2.1.2+computecanada-cp310-cp310-linux_x86_64.whl
Processing /cvmfs/soft.computecanada.ca/custom/python/wheelhouse/generic/pyasn1-0.4.8+computecanada-py2.py3-none-any.whl
Processing /cvmfs/soft.computecanada.ca/custom/python/wheelhouse/generic/oauthlib-3.2.2+computecanada-py3-none-any.whl
Installing collected packages: tensorboard-plugin-wit, pyasn1, libclang, flatbuffers, charset-normalizer, wrapt, urllib3, typing-extensions, termcolor, tensorflow-io-gcs-filesystem, tensorflow-estimator, tensorboard-data-server, rsa, pyasn1-modules, protobuf, oauthlib, numpy, MarkupSafe, markdown, keras, idna, grpcio, google-pasta, gast, certifi, cachetools, astunparse, absl-py, werkzeug, requests, opt-einsum, google-auth, requests-oauthlib, google-auth-oauthlib, tensorboard, tensorflow
ERROR: pip's dependency resolver does not currently take into account all the packages that are installed. This behaviour is the source of the following dependency conflicts.
umap-learn 0.5.1+computecanada requires scipy>=1.0, which is not installed.
statsmodels 0.13.2+computecanada requires pandas>=0.25, which is not installed.
statsmodels 0.13.2+computecanada requires scipy>=1.3, which is not installed.
seaborn 0.12.1+computecanada requires matplotlib!=3.6.1,>=3.1, which is not installed.
seaborn 0.12.1+computecanada requires pandas>=0.25, which is not installed.
scikit-learn 1.1.2+computecanada requires scipy>=1.3.2, which is not installed.
scanpy 1.9.1+computecanada requires matplotlib>=3.4, which is not installed.
scanpy 1.9.1+computecanada requires pandas>=1.0, which is not installed.
scanpy 1.9.1+computecanada requires scipy>=1.4, which is not installed.
pynndescent 0.5.2+computecanada requires scipy>=1.0, which is not installed.
anndata 0.8.0+computecanada requires pandas>=1.1.1, which is not installed.
anndata 0.8.0+computecanada requires scipy>1.4, which is not installed.
numba 0.56.3+computecanada requires numpy<1.24,>=1.21, but you have numpy 1.24.2+computecanada which is incompatible.
Successfully installed MarkupSafe-2.1.2+computecanada absl-py-1.4.0+computecanada astunparse-1.6.3+computecanada cachetools-5.3.0+computecanada certifi-2022.12.7+computecanada charset-normalizer-3.0.1+computecanada flatbuffers-20190709135844+computecanada gast-0.4.0+computecanada google-auth-2.16.1 google-auth-oauthlib-0.4.6+computecanada google-pasta-0.2.0+computecanada grpcio-1.47.0+computecanada idna-3.4+computecanada keras-2.11.0+computecanada libclang-14.0.1+computecanada markdown-3.4.1+computecanada numpy-1.24.2+computecanada oauthlib-3.2.2+computecanada opt-einsum-3.3.0+computecanada protobuf-3.19.6 pyasn1-0.4.8+computecanada pyasn1-modules-0.2.8+computecanada requests-2.28.2+computecanada requests-oauthlib-1.3.1+computecanada rsa-4.9+computecanada tensorboard-2.11.2 tensorboard-data-server-0.6.1+computecanada tensorboard-plugin-wit-1.8.1+computecanada tensorflow-2.11.0+computecanada tensorflow-estimator-2.11.0+computecanada tensorflow-io-gcs-filesystem-0.26.0+computecanada termcolor-2.2.0 typing-extensions-4.5.0+computecanada urllib3-1.26.14+computecanada werkzeug-2.2.3+computecanada wrapt-1.14.1+computecanada
Defaulting to user installation because normal site-packages is not writeable
Looking in links: /cvmfs/soft.computecanada.ca/custom/python/wheelhouse/gentoo/avx2, /cvmfs/soft.computecanada.ca/custom/python/wheelhouse/gentoo/generic, /cvmfs/soft.computecanada.ca/custom/python/wheelhouse/generic
Requirement already satisfied: scikit-learn in /home/tbury/.local/lib/python3.10/site-packages (1.1.2+computecanada)
Requirement already satisfied: threadpoolctl>=2.0.0 in /home/tbury/.local/lib/python3.10/site-packages (from scikit-learn) (3.1.0+computecanada)
Requirement already satisfied: joblib>=1.0.0 in /home/tbury/.local/lib/python3.10/site-packages (from scikit-learn) (1.2.0+computecanada)
Requirement already satisfied: numpy>=1.21 in /home/tbury/.local/lib/python3.10/site-packages (from scikit-learn) (1.24.2+computecanada)
Processing /cvmfs/soft.computecanada.ca/custom/python/wheelhouse/gentoo/generic/scipy-1.10.1+computecanada-cp310-cp310-linux_x86_64.whl
Installing collected packages: scipy
ERROR: pip's dependency resolver does not currently take into account all the packages that are installed. This behaviour is the source of the following dependency conflicts.
statsmodels 0.13.2+computecanada requires pandas>=0.25, which is not installed.
scanpy 1.9.1+computecanada requires matplotlib>=3.4, which is not installed.
scanpy 1.9.1+computecanada requires pandas>=1.0, which is not installed.
anndata 0.8.0+computecanada requires pandas>=1.1.1, which is not installed.
Successfully installed scipy-1.10.1+computecanada
Defaulting to user installation because normal site-packages is not writeable
Looking in links: /cvmfs/soft.computecanada.ca/custom/python/wheelhouse/gentoo/avx2, /cvmfs/soft.computecanada.ca/custom/python/wheelhouse/gentoo/generic, /cvmfs/soft.computecanada.ca/custom/python/wheelhouse/generic
Collecting ewstools
  Using cached ewstools-2.1.0-py3-none-any.whl (27 kB)
Processing /cvmfs/soft.computecanada.ca/custom/python/wheelhouse/gentoo/avx2/pandas-1.5.3+computecanada-cp310-cp310-linux_x86_64.whl
Requirement already satisfied: statsmodels>=0.9.0 in /home/tbury/.local/lib/python3.10/site-packages (from ewstools) (0.13.2+computecanada)
Collecting arch>=4.4
  Using cached arch-5.3.1.tar.gz (3.1 MB)
  Installing build dependencies: started
  Installing build dependencies: finished with status 'done'
  Getting requirements to build wheel: started
  Getting requirements to build wheel: finished with status 'done'
  Preparing metadata (pyproject.toml): started
  Preparing metadata (pyproject.toml): finished with status 'done'
Collecting lmfit>=0.9.0
  Using cached lmfit-1.1.0-py3-none-any.whl (90 kB)
Requirement already satisfied: numpy>=1.14.0 in /home/tbury/.local/lib/python3.10/site-packages (from ewstools) (1.24.2+computecanada)
Collecting plotly>=2.3.0
  Using cached plotly-5.13.1-py2.py3-none-any.whl (15.2 MB)
Processing /cvmfs/soft.computecanada.ca/custom/python/wheelhouse/generic/deprecation-2.1.0+computecanada-py2.py3-none-any.whl
Requirement already satisfied: scipy>=1.0.1 in /home/tbury/.local/lib/python3.10/site-packages (from ewstools) (1.10.1+computecanada)
Processing /cvmfs/soft.computecanada.ca/custom/python/wheelhouse/generic/property_cached-1.6.4+computecanada-py2.py3-none-any.whl
Requirement already satisfied: packaging in /cvmfs/soft.computecanada.ca/easybuild/software/2020/avx2/Core/python/3.10.2/lib/python3.10/site-packages (from deprecation>=2.0->ewstools) (21.3)
Collecting uncertainties>=3.1.4
  Using cached uncertainties-3.1.7-py2.py3-none-any.whl (98 kB)
Collecting asteval>=0.9.28
  Using cached asteval-0.9.29-py3-none-any.whl (18 kB)
Processing /cvmfs/soft.computecanada.ca/custom/python/wheelhouse/generic/pytz-2022.7.1+computecanada-py3-none-any.whl
Processing /cvmfs/soft.computecanada.ca/custom/python/wheelhouse/generic/python_dateutil-2.8.2+computecanada-py2.py3-none-any.whl
Collecting tenacity>=6.2.0
  Using cached tenacity-8.2.1-py3-none-any.whl (24 kB)
Requirement already satisfied: patsy>=0.5.2 in /home/tbury/.local/lib/python3.10/site-packages (from statsmodels>=0.9.0->ewstools) (0.5.3)
Requirement already satisfied: pyparsing!=3.0.5,>=2.0.2 in /cvmfs/soft.computecanada.ca/easybuild/software/2020/avx2/Core/python/3.10.2/lib/python3.10/site-packages (from packaging->deprecation>=2.0->ewstools) (3.0.7)
Requirement already satisfied: six in /cvmfs/soft.computecanada.ca/easybuild/software/2020/avx2/Core/python/3.10.2/lib/python3.10/site-packages (from patsy>=0.5.2->statsmodels>=0.9.0->ewstools) (1.16.0)
Processing /cvmfs/soft.computecanada.ca/custom/python/wheelhouse/generic/future-0.18.2+computecanada-py3-none-any.whl
Building wheels for collected packages: arch
  Building wheel for arch (pyproject.toml): started
  Building wheel for arch (pyproject.toml): finished with status 'done'
  Created wheel for arch: filename=arch-5.3.1-cp310-cp310-linux_x86_64.whl size=1754544 sha256=57529c5527bab85fd41c63274cfba5428bd9e654ed9b3db9460ae37b02c8e542
  Stored in directory: /home/tbury/.cache/pip/wheels/a9/33/9c/75323b4b8b131bb9ec9814e69177b87d28cf2b6957aff098c4
Successfully built arch
Installing collected packages: pytz, tenacity, python-dateutil, property-cached, future, asteval, uncertainties, plotly, pandas, deprecation, lmfit, arch, ewstools
ERROR: pip's dependency resolver does not currently take into account all the packages that are installed. This behaviour is the source of the following dependency conflicts.
seaborn 0.12.1+computecanada requires matplotlib!=3.6.1,>=3.1, which is not installed.
scanpy 1.9.1+computecanada requires matplotlib>=3.4, which is not installed.
Successfully installed arch-5.3.1 asteval-0.9.29 deprecation-2.1.0+computecanada ewstools-2.1.0 future-0.18.2+computecanada lmfit-1.1.0 pandas-1.5.3+computecanada plotly-5.13.1 property-cached-1.6.4+computecanada python-dateutil-2.8.2+computecanada pytz-2022.7.1+computecanada tenacity-8.2.1 uncertainties-3.1.7
Defaulting to user installation because normal site-packages is not writeable
Looking in links: /cvmfs/soft.computecanada.ca/custom/python/wheelhouse/gentoo/avx2, /cvmfs/soft.computecanada.ca/custom/python/wheelhouse/gentoo/generic, /cvmfs/soft.computecanada.ca/custom/python/wheelhouse/generic
Processing /cvmfs/soft.computecanada.ca/custom/python/wheelhouse/gentoo/avx2/matplotlib-3.7.0+computecanada-cp310-cp310-linux_x86_64.whl
Requirement already satisfied: packaging>=20.0 in /cvmfs/soft.computecanada.ca/easybuild/software/2020/avx2/Core/python/3.10.2/lib/python3.10/site-packages (from matplotlib) (21.3)
Processing /cvmfs/soft.computecanada.ca/custom/python/wheelhouse/generic/cycler-0.11.0+computecanada-py3-none-any.whl
Processing /cvmfs/soft.computecanada.ca/custom/python/wheelhouse/generic/fonttools-4.38.0+computecanada-cp310-cp310-linux_x86_64.whl
Requirement already satisfied: python-dateutil>=2.7 in /home/tbury/.local/lib/python3.10/site-packages (from matplotlib) (2.8.2+computecanada)
Requirement already satisfied: numpy>=1.21 in /home/tbury/.local/lib/python3.10/site-packages (from matplotlib) (1.24.2+computecanada)
Requirement already satisfied: pyparsing>=2.3.1 in /cvmfs/soft.computecanada.ca/easybuild/software/2020/avx2/Core/python/3.10.2/lib/python3.10/site-packages (from matplotlib) (3.0.7)
Processing /cvmfs/soft.computecanada.ca/custom/python/wheelhouse/gentoo/generic/contourpy-1.0.7+computecanada-cp310-cp310-linux_x86_64.whl
Processing /cvmfs/soft.computecanada.ca/custom/python/wheelhouse/gentoo/avx2/Pillow-9.4.0+computecanada-cp310-cp310-linux_x86_64.whl
Processing /cvmfs/soft.computecanada.ca/custom/python/wheelhouse/gentoo/avx2/kiwisolver-1.4.4+computecanada-cp310-cp310-linux_x86_64.whl
Requirement already satisfied: six>=1.5 in /cvmfs/soft.computecanada.ca/easybuild/software/2020/avx2/Core/python/3.10.2/lib/python3.10/site-packages (from python-dateutil>=2.7->matplotlib) (1.16.0)
Installing collected packages: pillow, kiwisolver, fonttools, cycler, contourpy, matplotlib
Successfully installed contourpy-1.0.7+computecanada cycler-0.11.0+computecanada fonttools-4.38.0+computecanada kiwisolver-1.4.4+computecanada matplotlib-3.7.0+computecanada pillow-9.4.0+computecanada
Defaulting to user installation because normal site-packages is not writeable
Looking in links: /cvmfs/soft.computecanada.ca/custom/python/wheelhouse/gentoo/avx2, /cvmfs/soft.computecanada.ca/custom/python/wheelhouse/gentoo/generic, /cvmfs/soft.computecanada.ca/custom/python/wheelhouse/generic
Collecting pyarrow
  Using cached pyarrow-11.0.0.tar.gz (1.0 MB)
  Installing build dependencies: started
  Installing build dependencies: finished with status 'done'
  Getting requirements to build wheel: started
  Getting requirements to build wheel: finished with status 'done'
  Preparing metadata (pyproject.toml): started
  Preparing metadata (pyproject.toml): finished with status 'done'
Requirement already satisfied: numpy>=1.16.6 in /home/tbury/.local/lib/python3.10/site-packages (from pyarrow) (1.24.2+computecanada)
Building wheels for collected packages: pyarrow
  Building wheel for pyarrow (pyproject.toml): started
  Building wheel for pyarrow (pyproject.toml): finished with status 'error'
  error: subprocess-exited-with-error
  
  × Building wheel for pyarrow (pyproject.toml) did not run successfully.
  │ exit code: 1
  ╰─> [342 lines of output]
      running bdist_wheel
      running build
      running build_py
      creating build
      creating build/lib.linux-x86_64-cpython-310
      creating build/lib.linux-x86_64-cpython-310/pyarrow
      copying pyarrow/util.py -> build/lib.linux-x86_64-cpython-310/pyarrow
      copying pyarrow/types.py -> build/lib.linux-x86_64-cpython-310/pyarrow
      copying pyarrow/substrait.py -> build/lib.linux-x86_64-cpython-310/pyarrow
      copying pyarrow/serialization.py -> build/lib.linux-x86_64-cpython-310/pyarrow
      copying pyarrow/plasma.py -> build/lib.linux-x86_64-cpython-310/pyarrow
      copying pyarrow/pandas_compat.py -> build/lib.linux-x86_64-cpython-310/pyarrow
      copying pyarrow/orc.py -> build/lib.linux-x86_64-cpython-310/pyarrow
      copying pyarrow/jvm.py -> build/lib.linux-x86_64-cpython-310/pyarrow
      copying pyarrow/json.py -> build/lib.linux-x86_64-cpython-310/pyarrow
      copying pyarrow/ipc.py -> build/lib.linux-x86_64-cpython-310/pyarrow
      copying pyarrow/hdfs.py -> build/lib.linux-x86_64-cpython-310/pyarrow
      copying pyarrow/fs.py -> build/lib.linux-x86_64-cpython-310/pyarrow
      copying pyarrow/flight.py -> build/lib.linux-x86_64-cpython-310/pyarrow
      copying pyarrow/filesystem.py -> build/lib.linux-x86_64-cpython-310/pyarrow
      copying pyarrow/feather.py -> build/lib.linux-x86_64-cpython-310/pyarrow
      copying pyarrow/dataset.py -> build/lib.linux-x86_64-cpython-310/pyarrow
      copying pyarrow/cuda.py -> build/lib.linux-x86_64-cpython-310/pyarrow
      copying pyarrow/csv.py -> build/lib.linux-x86_64-cpython-310/pyarrow
      copying pyarrow/conftest.py -> build/lib.linux-x86_64-cpython-310/pyarrow
      copying pyarrow/compute.py -> build/lib.linux-x86_64-cpython-310/pyarrow
      copying pyarrow/cffi.py -> build/lib.linux-x86_64-cpython-310/pyarrow
      copying pyarrow/benchmark.py -> build/lib.linux-x86_64-cpython-310/pyarrow
      copying pyarrow/_generated_version.py -> build/lib.linux-x86_64-cpython-310/pyarrow
      copying pyarrow/_compute_docstrings.py -> build/lib.linux-x86_64-cpython-310/pyarrow
      copying pyarrow/__init__.py -> build/lib.linux-x86_64-cpython-310/pyarrow
      creating build/lib.linux-x86_64-cpython-310/pyarrow/vendored
      copying pyarrow/vendored/version.py -> build/lib.linux-x86_64-cpython-310/pyarrow/vendored
      copying pyarrow/vendored/docscrape.py -> build/lib.linux-x86_64-cpython-310/pyarrow/vendored
      copying pyarrow/vendored/__init__.py -> build/lib.linux-x86_64-cpython-310/pyarrow/vendored
      creating build/lib.linux-x86_64-cpython-310/pyarrow/tests
      copying pyarrow/tests/util.py -> build/lib.linux-x86_64-cpython-310/pyarrow/tests
      copying pyarrow/tests/test_util.py -> build/lib.linux-x86_64-cpython-310/pyarrow/tests
      copying pyarrow/tests/test_udf.py -> build/lib.linux-x86_64-cpython-310/pyarrow/tests
      copying pyarrow/tests/test_types.py -> build/lib.linux-x86_64-cpython-310/pyarrow/tests
      copying pyarrow/tests/test_tensor.py -> build/lib.linux-x86_64-cpython-310/pyarrow/tests
      copying pyarrow/tests/test_table.py -> build/lib.linux-x86_64-cpython-310/pyarrow/tests
      copying pyarrow/tests/test_substrait.py -> build/lib.linux-x86_64-cpython-310/pyarrow/tests
      copying pyarrow/tests/test_strategies.py -> build/lib.linux-x86_64-cpython-310/pyarrow/tests
      copying pyarrow/tests/test_sparse_tensor.py -> build/lib.linux-x86_64-cpython-310/pyarrow/tests
      copying pyarrow/tests/test_serialization_deprecated.py -> build/lib.linux-x86_64-cpython-310/pyarrow/tests
      copying pyarrow/tests/test_serialization.py -> build/lib.linux-x86_64-cpython-310/pyarrow/tests
      copying pyarrow/tests/test_schema.py -> build/lib.linux-x86_64-cpython-310/pyarrow/tests
      copying pyarrow/tests/test_scalars.py -> build/lib.linux-x86_64-cpython-310/pyarrow/tests
      copying pyarrow/tests/test_plasma_tf_op.py -> build/lib.linux-x86_64-cpython-310/pyarrow/tests
      copying pyarrow/tests/test_plasma.py -> build/lib.linux-x86_64-cpython-310/pyarrow/tests
      copying pyarrow/tests/test_pandas.py -> build/lib.linux-x86_64-cpython-310/pyarrow/tests
      copying pyarrow/tests/test_orc.py -> build/lib.linux-x86_64-cpython-310/pyarrow/tests
      copying pyarrow/tests/test_misc.py -> build/lib.linux-x86_64-cpython-310/pyarrow/tests
      copying pyarrow/tests/test_memory.py -> build/lib.linux-x86_64-cpython-310/pyarrow/tests
      copying pyarrow/tests/test_jvm.py -> build/lib.linux-x86_64-cpython-310/pyarrow/tests
      copying pyarrow/tests/test_json.py -> build/lib.linux-x86_64-cpython-310/pyarrow/tests
      copying pyarrow/tests/test_ipc.py -> build/lib.linux-x86_64-cpython-310/pyarrow/tests
      copying pyarrow/tests/test_io.py -> build/lib.linux-x86_64-cpython-310/pyarrow/tests
      copying pyarrow/tests/test_hdfs.py -> build/lib.linux-x86_64-cpython-310/pyarrow/tests
      copying pyarrow/tests/test_gdb.py -> build/lib.linux-x86_64-cpython-310/pyarrow/tests
      copying pyarrow/tests/test_gandiva.py -> build/lib.linux-x86_64-cpython-310/pyarrow/tests
      copying pyarrow/tests/test_fs.py -> build/lib.linux-x86_64-cpython-310/pyarrow/tests
      copying pyarrow/tests/test_flight.py -> build/lib.linux-x86_64-cpython-310/pyarrow/tests
      copying pyarrow/tests/test_filesystem.py -> build/lib.linux-x86_64-cpython-310/pyarrow/tests
      copying pyarrow/tests/test_feather.py -> build/lib.linux-x86_64-cpython-310/pyarrow/tests
      copying pyarrow/tests/test_extension_type.py -> build/lib.linux-x86_64-cpython-310/pyarrow/tests
      copying pyarrow/tests/test_exec_plan.py -> build/lib.linux-x86_64-cpython-310/pyarrow/tests
      copying pyarrow/tests/test_deprecations.py -> build/lib.linux-x86_64-cpython-310/pyarrow/tests
      copying pyarrow/tests/test_dataset.py -> build/lib.linux-x86_64-cpython-310/pyarrow/tests
      copying pyarrow/tests/test_cython.py -> build/lib.linux-x86_64-cpython-310/pyarrow/tests
      copying pyarrow/tests/test_cuda_numba_interop.py -> build/lib.linux-x86_64-cpython-310/pyarrow/tests
      copying pyarrow/tests/test_cuda.py -> build/lib.linux-x86_64-cpython-310/pyarrow/tests
      copying pyarrow/tests/test_csv.py -> build/lib.linux-x86_64-cpython-310/pyarrow/tests
      copying pyarrow/tests/test_cpp_internals.py -> build/lib.linux-x86_64-cpython-310/pyarrow/tests
      copying pyarrow/tests/test_convert_builtin.py -> build/lib.linux-x86_64-cpython-310/pyarrow/tests
      copying pyarrow/tests/test_compute.py -> build/lib.linux-x86_64-cpython-310/pyarrow/tests
      copying pyarrow/tests/test_cffi.py -> build/lib.linux-x86_64-cpython-310/pyarrow/tests
      copying pyarrow/tests/test_builder.py -> build/lib.linux-x86_64-cpython-310/pyarrow/tests
      copying pyarrow/tests/test_array.py -> build/lib.linux-x86_64-cpython-310/pyarrow/tests
      copying pyarrow/tests/test_adhoc_memory_leak.py -> build/lib.linux-x86_64-cpython-310/pyarrow/tests
      copying pyarrow/tests/strategies.py -> build/lib.linux-x86_64-cpython-310/pyarrow/tests
      copying pyarrow/tests/read_record_batch.py -> build/lib.linux-x86_64-cpython-310/pyarrow/tests
      copying pyarrow/tests/pandas_threaded_import.py -> build/lib.linux-x86_64-cpython-310/pyarrow/tests
      copying pyarrow/tests/pandas_examples.py -> build/lib.linux-x86_64-cpython-310/pyarrow/tests
      copying pyarrow/tests/deserialize_buffer.py -> build/lib.linux-x86_64-cpython-310/pyarrow/tests
      copying pyarrow/tests/conftest.py -> build/lib.linux-x86_64-cpython-310/pyarrow/tests
      copying pyarrow/tests/arrow_7980.py -> build/lib.linux-x86_64-cpython-310/pyarrow/tests
      copying pyarrow/tests/arrow_16597.py -> build/lib.linux-x86_64-cpython-310/pyarrow/tests
      copying pyarrow/tests/__init__.py -> build/lib.linux-x86_64-cpython-310/pyarrow/tests
      creating build/lib.linux-x86_64-cpython-310/pyarrow/parquet
      copying pyarrow/parquet/encryption.py -> build/lib.linux-x86_64-cpython-310/pyarrow/parquet
      copying pyarrow/parquet/core.py -> build/lib.linux-x86_64-cpython-310/pyarrow/parquet
      copying pyarrow/parquet/__init__.py -> build/lib.linux-x86_64-cpython-310/pyarrow/parquet
      creating build/lib.linux-x86_64-cpython-310/pyarrow/interchange
      copying pyarrow/interchange/from_dataframe.py -> build/lib.linux-x86_64-cpython-310/pyarrow/interchange
      copying pyarrow/interchange/dataframe.py -> build/lib.linux-x86_64-cpython-310/pyarrow/interchange
      copying pyarrow/interchange/column.py -> build/lib.linux-x86_64-cpython-310/pyarrow/interchange
      copying pyarrow/interchange/buffer.py -> build/lib.linux-x86_64-cpython-310/pyarrow/interchange
      copying pyarrow/interchange/__init__.py -> build/lib.linux-x86_64-cpython-310/pyarrow/interchange
      creating build/lib.linux-x86_64-cpython-310/pyarrow/tests/parquet
      copying pyarrow/tests/parquet/test_parquet_writer.py -> build/lib.linux-x86_64-cpython-310/pyarrow/tests/parquet
      copying pyarrow/tests/parquet/test_parquet_file.py -> build/lib.linux-x86_64-cpython-310/pyarrow/tests/parquet
      copying pyarrow/tests/parquet/test_pandas.py -> build/lib.linux-x86_64-cpython-310/pyarrow/tests/parquet
      copying pyarrow/tests/parquet/test_metadata.py -> build/lib.linux-x86_64-cpython-310/pyarrow/tests/parquet
      copying pyarrow/tests/parquet/test_encryption.py -> build/lib.linux-x86_64-cpython-310/pyarrow/tests/parquet
      copying pyarrow/tests/parquet/test_datetime.py -> build/lib.linux-x86_64-cpython-310/pyarrow/tests/parquet
      copying pyarrow/tests/parquet/test_dataset.py -> build/lib.linux-x86_64-cpython-310/pyarrow/tests/parquet
      copying pyarrow/tests/parquet/test_data_types.py -> build/lib.linux-x86_64-cpython-310/pyarrow/tests/parquet
      copying pyarrow/tests/parquet/test_compliant_nested_type.py -> build/lib.linux-x86_64-cpython-310/pyarrow/tests/parquet
      copying pyarrow/tests/parquet/test_basic.py -> build/lib.linux-x86_64-cpython-310/pyarrow/tests/parquet
      copying pyarrow/tests/parquet/encryption.py -> build/lib.linux-x86_64-cpython-310/pyarrow/tests/parquet
      copying pyarrow/tests/parquet/conftest.py -> build/lib.linux-x86_64-cpython-310/pyarrow/tests/parquet
      copying pyarrow/tests/parquet/common.py -> build/lib.linux-x86_64-cpython-310/pyarrow/tests/parquet
      copying pyarrow/tests/parquet/__init__.py -> build/lib.linux-x86_64-cpython-310/pyarrow/tests/parquet
      creating build/lib.linux-x86_64-cpython-310/pyarrow/tests/interchange
      copying pyarrow/tests/interchange/test_interchange_spec.py -> build/lib.linux-x86_64-cpython-310/pyarrow/tests/interchange
      copying pyarrow/tests/interchange/test_conversion.py -> build/lib.linux-x86_64-cpython-310/pyarrow/tests/interchange
      copying pyarrow/tests/interchange/__init__.py -> build/lib.linux-x86_64-cpython-310/pyarrow/tests/interchange
      running egg_info
      writing pyarrow.egg-info/PKG-INFO
      writing dependency_links to pyarrow.egg-info/dependency_links.txt
      writing entry points to pyarrow.egg-info/entry_points.txt
      writing requirements to pyarrow.egg-info/requires.txt
      writing top-level names to pyarrow.egg-info/top_level.txt
      listing git files failed - pretending there aren't any
      reading manifest file 'pyarrow.egg-info/SOURCES.txt'
      reading manifest template 'MANIFEST.in'
      warning: no files found matching '../LICENSE.txt'
      warning: no files found matching '../NOTICE.txt'
      warning: no previously-included files matching '*.so' found anywhere in distribution
      warning: no previously-included files matching '*.pyc' found anywhere in distribution
      warning: no previously-included files matching '*~' found anywhere in distribution
      warning: no previously-included files matching '#*' found anywhere in distribution
      warning: no previously-included files matching '.git*' found anywhere in distribution
      warning: no previously-included files matching '.DS_Store' found anywhere in distribution
      no previously-included directories found matching '.asv'
      writing manifest file 'pyarrow.egg-info/SOURCES.txt'
      copying pyarrow/__init__.pxd -> build/lib.linux-x86_64-cpython-310/pyarrow
      copying pyarrow/_compute.pxd -> build/lib.linux-x86_64-cpython-310/pyarrow
      copying pyarrow/_compute.pyx -> build/lib.linux-x86_64-cpython-310/pyarrow
      copying pyarrow/_csv.pxd -> build/lib.linux-x86_64-cpython-310/pyarrow
      copying pyarrow/_csv.pyx -> build/lib.linux-x86_64-cpython-310/pyarrow
      copying pyarrow/_cuda.pxd -> build/lib.linux-x86_64-cpython-310/pyarrow
      copying pyarrow/_cuda.pyx -> build/lib.linux-x86_64-cpython-310/pyarrow
      copying pyarrow/_dataset.pxd -> build/lib.linux-x86_64-cpython-310/pyarrow
      copying pyarrow/_dataset.pyx -> build/lib.linux-x86_64-cpython-310/pyarrow
      copying pyarrow/_dataset_orc.pyx -> build/lib.linux-x86_64-cpython-310/pyarrow
      copying pyarrow/_dataset_parquet.pyx -> build/lib.linux-x86_64-cpython-310/pyarrow
      copying pyarrow/_exec_plan.pyx -> build/lib.linux-x86_64-cpython-310/pyarrow
      copying pyarrow/_feather.pyx -> build/lib.linux-x86_64-cpython-310/pyarrow
      copying pyarrow/_flight.pyx -> build/lib.linux-x86_64-cpython-310/pyarrow
      copying pyarrow/_fs.pxd -> build/lib.linux-x86_64-cpython-310/pyarrow
      copying pyarrow/_fs.pyx -> build/lib.linux-x86_64-cpython-310/pyarrow
      copying pyarrow/_gcsfs.pyx -> build/lib.linux-x86_64-cpython-310/pyarrow
      copying pyarrow/_hdfs.pyx -> build/lib.linux-x86_64-cpython-310/pyarrow
      copying pyarrow/_hdfsio.pyx -> build/lib.linux-x86_64-cpython-310/pyarrow
      copying pyarrow/_json.pyx -> build/lib.linux-x86_64-cpython-310/pyarrow
      copying pyarrow/_orc.pxd -> build/lib.linux-x86_64-cpython-310/pyarrow
      copying pyarrow/_orc.pyx -> build/lib.linux-x86_64-cpython-310/pyarrow
      copying pyarrow/_parquet.pxd -> build/lib.linux-x86_64-cpython-310/pyarrow
      copying pyarrow/_parquet.pyx -> build/lib.linux-x86_64-cpython-310/pyarrow
      copying pyarrow/_parquet_encryption.pxd -> build/lib.linux-x86_64-cpython-310/pyarrow
      copying pyarrow/_parquet_encryption.pyx -> build/lib.linux-x86_64-cpython-310/pyarrow
      copying pyarrow/_plasma.pyx -> build/lib.linux-x86_64-cpython-310/pyarrow
      copying pyarrow/_pyarrow_cpp_tests.pxd -> build/lib.linux-x86_64-cpython-310/pyarrow
      copying pyarrow/_pyarrow_cpp_tests.pyx -> build/lib.linux-x86_64-cpython-310/pyarrow
      copying pyarrow/_s3fs.pyx -> build/lib.linux-x86_64-cpython-310/pyarrow
      copying pyarrow/_substrait.pyx -> build/lib.linux-x86_64-cpython-310/pyarrow
      copying pyarrow/array.pxi -> build/lib.linux-x86_64-cpython-310/pyarrow
      copying pyarrow/benchmark.pxi -> build/lib.linux-x86_64-cpython-310/pyarrow
      copying pyarrow/builder.pxi -> build/lib.linux-x86_64-cpython-310/pyarrow
      copying pyarrow/compat.pxi -> build/lib.linux-x86_64-cpython-310/pyarrow
      copying pyarrow/config.pxi -> build/lib.linux-x86_64-cpython-310/pyarrow
      copying pyarrow/error.pxi -> build/lib.linux-x86_64-cpython-310/pyarrow
      copying pyarrow/gandiva.pyx -> build/lib.linux-x86_64-cpython-310/pyarrow
      copying pyarrow/io.pxi -> build/lib.linux-x86_64-cpython-310/pyarrow
      copying pyarrow/ipc.pxi -> build/lib.linux-x86_64-cpython-310/pyarrow
      copying pyarrow/lib.pxd -> build/lib.linux-x86_64-cpython-310/pyarrow
      copying pyarrow/lib.pyx -> build/lib.linux-x86_64-cpython-310/pyarrow
      copying pyarrow/memory.pxi -> build/lib.linux-x86_64-cpython-310/pyarrow
      copying pyarrow/pandas-shim.pxi -> build/lib.linux-x86_64-cpython-310/pyarrow
      copying pyarrow/public-api.pxi -> build/lib.linux-x86_64-cpython-310/pyarrow
      copying pyarrow/scalar.pxi -> build/lib.linux-x86_64-cpython-310/pyarrow
      copying pyarrow/serialization.pxi -> build/lib.linux-x86_64-cpython-310/pyarrow
      copying pyarrow/table.pxi -> build/lib.linux-x86_64-cpython-310/pyarrow
      copying pyarrow/tensor.pxi -> build/lib.linux-x86_64-cpython-310/pyarrow
      copying pyarrow/types.pxi -> build/lib.linux-x86_64-cpython-310/pyarrow
      creating build/lib.linux-x86_64-cpython-310/pyarrow/includes
      copying pyarrow/includes/libplasma.pxd -> build/lib.linux-x86_64-cpython-310/pyarrow/includes
      copying pyarrow/includes/libgandiva.pxd -> build/lib.linux-x86_64-cpython-310/pyarrow/includes
      copying pyarrow/includes/libarrow_substrait.pxd -> build/lib.linux-x86_64-cpython-310/pyarrow/includes
      copying pyarrow/includes/libarrow_python.pxd -> build/lib.linux-x86_64-cpython-310/pyarrow/includes
      copying pyarrow/includes/libarrow_fs.pxd -> build/lib.linux-x86_64-cpython-310/pyarrow/includes
      copying pyarrow/includes/libarrow_flight.pxd -> build/lib.linux-x86_64-cpython-310/pyarrow/includes
      copying pyarrow/includes/libarrow_feather.pxd -> build/lib.linux-x86_64-cpython-310/pyarrow/includes
      copying pyarrow/includes/libarrow_dataset_parquet.pxd -> build/lib.linux-x86_64-cpython-310/pyarrow/includes
      copying pyarrow/includes/libarrow_dataset.pxd -> build/lib.linux-x86_64-cpython-310/pyarrow/includes
      copying pyarrow/includes/libarrow_cuda.pxd -> build/lib.linux-x86_64-cpython-310/pyarrow/includes
      copying pyarrow/includes/libarrow.pxd -> build/lib.linux-x86_64-cpython-310/pyarrow/includes
      copying pyarrow/includes/common.pxd -> build/lib.linux-x86_64-cpython-310/pyarrow/includes
      copying pyarrow/includes/__init__.pxd -> build/lib.linux-x86_64-cpython-310/pyarrow/includes
      copying pyarrow/tests/bound_function_visit_strings.pyx -> build/lib.linux-x86_64-cpython-310/pyarrow/tests
      copying pyarrow/tests/pyarrow_cython_example.pyx -> build/lib.linux-x86_64-cpython-310/pyarrow/tests
      creating build/lib.linux-x86_64-cpython-310/pyarrow/tensorflow
      copying pyarrow/tensorflow/plasma_op.cc -> build/lib.linux-x86_64-cpython-310/pyarrow/tensorflow
      creating build/lib.linux-x86_64-cpython-310/pyarrow/tests/data
      creating build/lib.linux-x86_64-cpython-310/pyarrow/tests/data/parquet
      copying pyarrow/tests/data/parquet/v0.7.1.all-named-index.parquet -> build/lib.linux-x86_64-cpython-310/pyarrow/tests/data/parquet
      copying pyarrow/tests/data/parquet/v0.7.1.column-metadata-handling.parquet -> build/lib.linux-x86_64-cpython-310/pyarrow/tests/data/parquet
      copying pyarrow/tests/data/parquet/v0.7.1.parquet -> build/lib.linux-x86_64-cpython-310/pyarrow/tests/data/parquet
      copying pyarrow/tests/data/parquet/v0.7.1.some-named-index.parquet -> build/lib.linux-x86_64-cpython-310/pyarrow/tests/data/parquet
      creating build/lib.linux-x86_64-cpython-310/pyarrow/tests/data/orc
      copying pyarrow/tests/data/orc/README.md -> build/lib.linux-x86_64-cpython-310/pyarrow/tests/data/orc
      copying pyarrow/tests/data/orc/TestOrcFile.emptyFile.jsn.gz -> build/lib.linux-x86_64-cpython-310/pyarrow/tests/data/orc
      copying pyarrow/tests/data/orc/TestOrcFile.emptyFile.orc -> build/lib.linux-x86_64-cpython-310/pyarrow/tests/data/orc
      copying pyarrow/tests/data/orc/TestOrcFile.test1.jsn.gz -> build/lib.linux-x86_64-cpython-310/pyarrow/tests/data/orc
      copying pyarrow/tests/data/orc/TestOrcFile.test1.orc -> build/lib.linux-x86_64-cpython-310/pyarrow/tests/data/orc
      copying pyarrow/tests/data/orc/TestOrcFile.testDate1900.jsn.gz -> build/lib.linux-x86_64-cpython-310/pyarrow/tests/data/orc
      copying pyarrow/tests/data/orc/TestOrcFile.testDate1900.orc -> build/lib.linux-x86_64-cpython-310/pyarrow/tests/data/orc
      copying pyarrow/tests/data/orc/decimal.jsn.gz -> build/lib.linux-x86_64-cpython-310/pyarrow/tests/data/orc
      copying pyarrow/tests/data/orc/decimal.orc -> build/lib.linux-x86_64-cpython-310/pyarrow/tests/data/orc
      creating build/lib.linux-x86_64-cpython-310/pyarrow/tests/data/feather
      copying pyarrow/tests/data/feather/v0.17.0.version.2-compression.lz4.feather -> build/lib.linux-x86_64-cpython-310/pyarrow/tests/data/feather
      creating build/lib.linux-x86_64-cpython-310/pyarrow/src
      creating build/lib.linux-x86_64-cpython-310/pyarrow/src/arrow
      creating build/lib.linux-x86_64-cpython-310/pyarrow/src/arrow/python
      copying pyarrow/src/arrow/python/CMakeLists.txt -> build/lib.linux-x86_64-cpython-310/pyarrow/src/arrow/python
      copying pyarrow/src/arrow/python/api.h -> build/lib.linux-x86_64-cpython-310/pyarrow/src/arrow/python
      copying pyarrow/src/arrow/python/arrow_to_pandas.cc -> build/lib.linux-x86_64-cpython-310/pyarrow/src/arrow/python
      copying pyarrow/src/arrow/python/arrow_to_pandas.h -> build/lib.linux-x86_64-cpython-310/pyarrow/src/arrow/python
      copying pyarrow/src/arrow/python/arrow_to_python_internal.h -> build/lib.linux-x86_64-cpython-310/pyarrow/src/arrow/python
      copying pyarrow/src/arrow/python/benchmark.cc -> build/lib.linux-x86_64-cpython-310/pyarrow/src/arrow/python
      copying pyarrow/src/arrow/python/benchmark.h -> build/lib.linux-x86_64-cpython-310/pyarrow/src/arrow/python
      copying pyarrow/src/arrow/python/common.cc -> build/lib.linux-x86_64-cpython-310/pyarrow/src/arrow/python
      copying pyarrow/src/arrow/python/common.h -> build/lib.linux-x86_64-cpython-310/pyarrow/src/arrow/python
      copying pyarrow/src/arrow/python/csv.cc -> build/lib.linux-x86_64-cpython-310/pyarrow/src/arrow/python
      copying pyarrow/src/arrow/python/csv.h -> build/lib.linux-x86_64-cpython-310/pyarrow/src/arrow/python
      copying pyarrow/src/arrow/python/datetime.cc -> build/lib.linux-x86_64-cpython-310/pyarrow/src/arrow/python
      copying pyarrow/src/arrow/python/datetime.h -> build/lib.linux-x86_64-cpython-310/pyarrow/src/arrow/python
      copying pyarrow/src/arrow/python/decimal.cc -> build/lib.linux-x86_64-cpython-310/pyarrow/src/arrow/python
      copying pyarrow/src/arrow/python/decimal.h -> build/lib.linux-x86_64-cpython-310/pyarrow/src/arrow/python
      copying pyarrow/src/arrow/python/deserialize.cc -> build/lib.linux-x86_64-cpython-310/pyarrow/src/arrow/python
      copying pyarrow/src/arrow/python/deserialize.h -> build/lib.linux-x86_64-cpython-310/pyarrow/src/arrow/python
      copying pyarrow/src/arrow/python/extension_type.cc -> build/lib.linux-x86_64-cpython-310/pyarrow/src/arrow/python
      copying pyarrow/src/arrow/python/extension_type.h -> build/lib.linux-x86_64-cpython-310/pyarrow/src/arrow/python
      copying pyarrow/src/arrow/python/filesystem.cc -> build/lib.linux-x86_64-cpython-310/pyarrow/src/arrow/python
      copying pyarrow/src/arrow/python/filesystem.h -> build/lib.linux-x86_64-cpython-310/pyarrow/src/arrow/python
      copying pyarrow/src/arrow/python/flight.cc -> build/lib.linux-x86_64-cpython-310/pyarrow/src/arrow/python
      copying pyarrow/src/arrow/python/flight.h -> build/lib.linux-x86_64-cpython-310/pyarrow/src/arrow/python
      copying pyarrow/src/arrow/python/gdb.cc -> build/lib.linux-x86_64-cpython-310/pyarrow/src/arrow/python
      copying pyarrow/src/arrow/python/gdb.h -> build/lib.linux-x86_64-cpython-310/pyarrow/src/arrow/python
      copying pyarrow/src/arrow/python/helpers.cc -> build/lib.linux-x86_64-cpython-310/pyarrow/src/arrow/python
      copying pyarrow/src/arrow/python/helpers.h -> build/lib.linux-x86_64-cpython-310/pyarrow/src/arrow/python
      copying pyarrow/src/arrow/python/inference.cc -> build/lib.linux-x86_64-cpython-310/pyarrow/src/arrow/python
      copying pyarrow/src/arrow/python/inference.h -> build/lib.linux-x86_64-cpython-310/pyarrow/src/arrow/python
      copying pyarrow/src/arrow/python/init.cc -> build/lib.linux-x86_64-cpython-310/pyarrow/src/arrow/python
      copying pyarrow/src/arrow/python/init.h -> build/lib.linux-x86_64-cpython-310/pyarrow/src/arrow/python
      copying pyarrow/src/arrow/python/io.cc -> build/lib.linux-x86_64-cpython-310/pyarrow/src/arrow/python
      copying pyarrow/src/arrow/python/io.h -> build/lib.linux-x86_64-cpython-310/pyarrow/src/arrow/python
      copying pyarrow/src/arrow/python/ipc.cc -> build/lib.linux-x86_64-cpython-310/pyarrow/src/arrow/python
      copying pyarrow/src/arrow/python/ipc.h -> build/lib.linux-x86_64-cpython-310/pyarrow/src/arrow/python
      copying pyarrow/src/arrow/python/iterators.h -> build/lib.linux-x86_64-cpython-310/pyarrow/src/arrow/python
      copying pyarrow/src/arrow/python/numpy_convert.cc -> build/lib.linux-x86_64-cpython-310/pyarrow/src/arrow/python
      copying pyarrow/src/arrow/python/numpy_convert.h -> build/lib.linux-x86_64-cpython-310/pyarrow/src/arrow/python
      copying pyarrow/src/arrow/python/numpy_internal.h -> build/lib.linux-x86_64-cpython-310/pyarrow/src/arrow/python
      copying pyarrow/src/arrow/python/numpy_interop.h -> build/lib.linux-x86_64-cpython-310/pyarrow/src/arrow/python
      copying pyarrow/src/arrow/python/numpy_to_arrow.cc -> build/lib.linux-x86_64-cpython-310/pyarrow/src/arrow/python
      copying pyarrow/src/arrow/python/numpy_to_arrow.h -> build/lib.linux-x86_64-cpython-310/pyarrow/src/arrow/python
      copying pyarrow/src/arrow/python/parquet_encryption.cc -> build/lib.linux-x86_64-cpython-310/pyarrow/src/arrow/python
      copying pyarrow/src/arrow/python/parquet_encryption.h -> build/lib.linux-x86_64-cpython-310/pyarrow/src/arrow/python
      copying pyarrow/src/arrow/python/pch.h -> build/lib.linux-x86_64-cpython-310/pyarrow/src/arrow/python
      copying pyarrow/src/arrow/python/platform.h -> build/lib.linux-x86_64-cpython-310/pyarrow/src/arrow/python
      copying pyarrow/src/arrow/python/pyarrow.cc -> build/lib.linux-x86_64-cpython-310/pyarrow/src/arrow/python
      copying pyarrow/src/arrow/python/pyarrow.h -> build/lib.linux-x86_64-cpython-310/pyarrow/src/arrow/python
      copying pyarrow/src/arrow/python/pyarrow_api.h -> build/lib.linux-x86_64-cpython-310/pyarrow/src/arrow/python
      copying pyarrow/src/arrow/python/pyarrow_lib.h -> build/lib.linux-x86_64-cpython-310/pyarrow/src/arrow/python
      copying pyarrow/src/arrow/python/python_test.cc -> build/lib.linux-x86_64-cpython-310/pyarrow/src/arrow/python
      copying pyarrow/src/arrow/python/python_test.h -> build/lib.linux-x86_64-cpython-310/pyarrow/src/arrow/python
      copying pyarrow/src/arrow/python/python_to_arrow.cc -> build/lib.linux-x86_64-cpython-310/pyarrow/src/arrow/python
      copying pyarrow/src/arrow/python/python_to_arrow.h -> build/lib.linux-x86_64-cpython-310/pyarrow/src/arrow/python
      copying pyarrow/src/arrow/python/serialize.cc -> build/lib.linux-x86_64-cpython-310/pyarrow/src/arrow/python
      copying pyarrow/src/arrow/python/serialize.h -> build/lib.linux-x86_64-cpython-310/pyarrow/src/arrow/python
      copying pyarrow/src/arrow/python/type_traits.h -> build/lib.linux-x86_64-cpython-310/pyarrow/src/arrow/python
      copying pyarrow/src/arrow/python/udf.cc -> build/lib.linux-x86_64-cpython-310/pyarrow/src/arrow/python
      copying pyarrow/src/arrow/python/udf.h -> build/lib.linux-x86_64-cpython-310/pyarrow/src/arrow/python
      copying pyarrow/src/arrow/python/visibility.h -> build/lib.linux-x86_64-cpython-310/pyarrow/src/arrow/python
      running build_ext
      creating /tmp/pip-install-31o5cm9d/pyarrow_b2cca1cdb2aa4663bcfcfd44ab9d029e/build/temp.linux-x86_64-cpython-310
      -- Running cmake for PyArrow
      cmake -DCMAKE_INSTALL_PREFIX=/tmp/pip-install-31o5cm9d/pyarrow_b2cca1cdb2aa4663bcfcfd44ab9d029e/build/lib.linux-x86_64-cpython-310/pyarrow -DPYTHON_EXECUTABLE=/cvmfs/soft.computecanada.ca/easybuild/software/2020/avx2/Core/python/3.10.2/bin/python3.10 -DPython3_EXECUTABLE=/cvmfs/soft.computecanada.ca/easybuild/software/2020/avx2/Core/python/3.10.2/bin/python3.10 -DPYARROW_CXXFLAGS= -DPYARROW_BUILD_CUDA=off -DPYARROW_BUILD_SUBSTRAIT=off -DPYARROW_BUILD_FLIGHT=off -DPYARROW_BUILD_GANDIVA=off -DPYARROW_BUILD_DATASET=off -DPYARROW_BUILD_ORC=off -DPYARROW_BUILD_PARQUET=off -DPYARROW_BUILD_PARQUET_ENCRYPTION=off -DPYARROW_BUILD_PLASMA=off -DPYARROW_BUILD_GCS=off -DPYARROW_BUILD_S3=off -DPYARROW_BUILD_HDFS=off -DPYARROW_USE_TENSORFLOW=off -DPYARROW_BUNDLE_ARROW_CPP=off -DPYARROW_BUNDLE_BOOST=off -DPYARROW_BUNDLE_CYTHON_CPP=off -DPYARROW_BUNDLE_PLASMA_EXECUTABLE=on -DPYARROW_GENERATE_COVERAGE=off -DPYARROW_BOOST_USE_SHARED=on -DPYARROW_PARQUET_USE_SHARED=on -DCMAKE_BUILD_TYPE=release /tmp/pip-install-31o5cm9d/pyarrow_b2cca1cdb2aa4663bcfcfd44ab9d029e
      -- The C compiler identification is GNU 9.3.0
      -- The CXX compiler identification is GNU 9.3.0
      -- Check for working C compiler: /cvmfs/soft.computecanada.ca/easybuild/software/2020/Core/gcccore/9.3.0/bin/cc
      -- Check for working C compiler: /cvmfs/soft.computecanada.ca/easybuild/software/2020/Core/gcccore/9.3.0/bin/cc -- works
      -- Detecting C compiler ABI info
      -- Detecting C compiler ABI info - done
      -- Detecting C compile features
      -- Detecting C compile features - done
      -- Check for working CXX compiler: /cvmfs/soft.computecanada.ca/easybuild/software/2020/Core/gcccore/9.3.0/bin/c++
      -- Check for working CXX compiler: /cvmfs/soft.computecanada.ca/easybuild/software/2020/Core/gcccore/9.3.0/bin/c++ -- works
      -- Detecting CXX compiler ABI info
      -- Detecting CXX compiler ABI info - done
      -- Detecting CXX compile features
      -- Detecting CXX compile features - done
      -- Using ccache: /cvmfs/soft.computecanada.ca/gentoo/2020/usr/bin/ccache
      -- System processor: x86_64
      -- Performing Test CXX_SUPPORTS_SSE4_2
      -- Performing Test CXX_SUPPORTS_SSE4_2 - Success
      -- Performing Test CXX_SUPPORTS_AVX2
      -- Performing Test CXX_SUPPORTS_AVX2 - Success
      -- Performing Test CXX_SUPPORTS_AVX512
      -- Performing Test CXX_SUPPORTS_AVX512 - Success
      -- Arrow build warning level: PRODUCTION
      -- Using hard-wired gold linker (version 1.16)
      -- Build Type: RELEASE
      -- CMAKE_C_FLAGS:  -Wall -fno-semantic-interposition -msse4.2  -fdiagnostics-color=always  -fno-omit-frame-pointer -Wno-unused-variable -Wno-maybe-uninitialized
      -- CMAKE_CXX_FLAGS:  -Wno-noexcept-type  -Wall -fno-semantic-interposition -msse4.2  -fdiagnostics-color=always  -fno-omit-frame-pointer -Wno-unused-variable -Wno-maybe-uninitialized
      -- Generator: Unix Makefiles
      -- Build output directory: /tmp/pip-install-31o5cm9d/pyarrow_b2cca1cdb2aa4663bcfcfd44ab9d029e/build/temp.linux-x86_64-cpython-310/release
      -- Found Python3: /cvmfs/soft.computecanada.ca/easybuild/software/2020/avx2/Core/python/3.10.2/bin/python3.10 (found version "3.10.2") found components: Interpreter Development NumPy
      -- Found Python3Alt: /cvmfs/soft.computecanada.ca/easybuild/software/2020/avx2/Core/python/3.10.2/bin/python3.10
      CMake Error at CMakeLists.txt:268 (find_package):
        By not providing "FindArrow.cmake" in CMAKE_MODULE_PATH this project has
        asked CMake to find a package configuration file provided by "Arrow", but
        CMake did not find one.
      
        Could not find a package configuration file provided by "Arrow" with any of
        the following names:
      
          ArrowConfig.cmake
          arrow-config.cmake
      
        Add the installation prefix of "Arrow" to CMAKE_PREFIX_PATH or set
        "Arrow_DIR" to a directory containing one of the above files.  If "Arrow"
        provides a separate development package or SDK, be sure it has been
        installed.
      
      
      -- Configuring incomplete, errors occurred!
      See also "/tmp/pip-install-31o5cm9d/pyarrow_b2cca1cdb2aa4663bcfcfd44ab9d029e/build/temp.linux-x86_64-cpython-310/CMakeFiles/CMakeOutput.log".
      error: command '/cvmfs/soft.computecanada.ca/gentoo/2020/usr/bin/cmake' failed with exit code 1
      [end of output]
  
  note: This error originates from a subprocess, and is likely not a problem with pip.
  ERROR: Failed building wheel for pyarrow
Failed to build pyarrow
ERROR: Could not build wheels for pyarrow, which is required to install pyproject.toml-based projects
-----
 Generate training data 
-----
Traceback (most recent call last):
  File "gen_training_data.py", line 25, in <module>
    import pandas as pd
  File "/home/tbury/.local/lib/python3.7/site-packages/pandas/__init__.py", line 17, in <module>
    "Unable to import required dependencies:\n" + "\n".join(missing_dependencies)
ImportError: Unable to import required dependencies:
pytz: No module named 'pytz'
-----
 Train classifier of type 1 
-----
Training DL with mtype=1
Traceback (most recent call last):
  File "dl_train.py", line 37, in <module>
    import pandas as pd
  File "/home/tbury/.local/lib/python3.7/site-packages/pandas/__init__.py", line 17, in <module>
    "Unable to import required dependencies:\n" + "\n".join(missing_dependencies)
ImportError: Unable to import required dependencies:
pytz: No module named 'pytz'
-----
 Train classifier of type 2 
-----
Training DL with mtype=2
Traceback (most recent call last):
  File "dl_train.py", line 37, in <module>
    import pandas as pd
  File "/home/tbury/.local/lib/python3.7/site-packages/pandas/__init__.py", line 17, in <module>
    "Unable to import required dependencies:\n" + "\n".join(missing_dependencies)
ImportError: Unable to import required dependencies:
pytz: No module named 'pytz'
-----
 Get F1 scores on test data 
-----
Traceback (most recent call last):
  File "dl_test.py", line 13, in <module>
    import pandas as pd
  File "/home/tbury/.local/lib/python3.7/site-packages/pandas/__init__.py", line 17, in <module>
    "Unable to import required dependencies:\n" + "\n".join(missing_dependencies)
ImportError: Unable to import required dependencies:
pytz: No module named 'pytz'
-----
 Make Sup Fig 2 - example training simulations 
-----
Traceback (most recent call last):
  File "make_fig.py", line 23, in <module>
    import pandas as pd
  File "/home/tbury/.local/lib/python3.7/site-packages/pandas/__init__.py", line 17, in <module>
    "Unable to import required dependencies:\n" + "\n".join(missing_dependencies)
ImportError: Unable to import required dependencies:
pytz: No module named 'pytz'
-----
 Make Sup Fig 3 - example model test simulations 
-----
Traceback (most recent call last):
  File "make_fig.py", line 15, in <module>
    import pandas as pd
  File "/home/tbury/.local/lib/python3.7/site-packages/pandas/__init__.py", line 17, in <module>
    "Unable to import required dependencies:\n" + "\n".join(missing_dependencies)
ImportError: Unable to import required dependencies:
pytz: No module named 'pytz'
-----
 Test DL classifier and EWS on Fox model 
-----
Traceback (most recent call last):
  File "test_fox.py", line 29, in <module>
    import pandas as pd
  File "/home/tbury/.local/lib/python3.7/site-packages/pandas/__init__.py", line 17, in <module>
    "Unable to import required dependencies:\n" + "\n".join(missing_dependencies)
ImportError: Unable to import required dependencies:
pytz: No module named 'pytz'
Traceback (most recent call last):
  File "compute_roc.py", line 12, in <module>
    import pandas as pd
  File "/home/tbury/.local/lib/python3.7/site-packages/pandas/__init__.py", line 17, in <module>
    "Unable to import required dependencies:\n" + "\n".join(missing_dependencies)
ImportError: Unable to import required dependencies:
pytz: No module named 'pytz'
-----
 Test DL classifier and EWS on Westerhoff model 
-----
Traceback (most recent call last):
  File "test_westerhoff.py", line 31, in <module>
    import pandas as pd
  File "/home/tbury/.local/lib/python3.7/site-packages/pandas/__init__.py", line 17, in <module>
    "Unable to import required dependencies:\n" + "\n".join(missing_dependencies)
ImportError: Unable to import required dependencies:
pytz: No module named 'pytz'
Traceback (most recent call last):
  File "compute_roc.py", line 12, in <module>
    import pandas as pd
  File "/home/tbury/.local/lib/python3.7/site-packages/pandas/__init__.py", line 17, in <module>
    "Unable to import required dependencies:\n" + "\n".join(missing_dependencies)
ImportError: Unable to import required dependencies:
pytz: No module named 'pytz'
-----
 Test DL classifier and EWS on Ricker model 
-----
Traceback (most recent call last):
  File "test_ricker.py", line 32, in <module>
    import pandas as pd
  File "/home/tbury/.local/lib/python3.7/site-packages/pandas/__init__.py", line 17, in <module>
    "Unable to import required dependencies:\n" + "\n".join(missing_dependencies)
ImportError: Unable to import required dependencies:
pytz: No module named 'pytz'
Traceback (most recent call last):
  File "compute_roc.py", line 12, in <module>
    import pandas as pd
  File "/home/tbury/.local/lib/python3.7/site-packages/pandas/__init__.py", line 17, in <module>
    "Unable to import required dependencies:\n" + "\n".join(missing_dependencies)
ImportError: Unable to import required dependencies:
pytz: No module named 'pytz'
-----
 Test DL classifier and EWS on Kot model 
-----
Traceback (most recent call last):
  File "test_kot.py", line 30, in <module>
    import pandas as pd
  File "/home/tbury/.local/lib/python3.7/site-packages/pandas/__init__.py", line 17, in <module>
    "Unable to import required dependencies:\n" + "\n".join(missing_dependencies)
ImportError: Unable to import required dependencies:
pytz: No module named 'pytz'
Traceback (most recent call last):
  File "compute_roc.py", line 12, in <module>
    import pandas as pd
  File "/home/tbury/.local/lib/python3.7/site-packages/pandas/__init__.py", line 17, in <module>
    "Unable to import required dependencies:\n" + "\n".join(missing_dependencies)
ImportError: Unable to import required dependencies:
pytz: No module named 'pytz'
-----
 Test DL classifier and EWS on Lorenz model 
-----
Traceback (most recent call last):
  File "test_lorenz.py", line 28, in <module>
    import pandas as pd
  File "/home/tbury/.local/lib/python3.7/site-packages/pandas/__init__.py", line 17, in <module>
    "Unable to import required dependencies:\n" + "\n".join(missing_dependencies)
ImportError: Unable to import required dependencies:
pytz: No module named 'pytz'
Traceback (most recent call last):
  File "compute_roc.py", line 12, in <module>
    import pandas as pd
  File "/home/tbury/.local/lib/python3.7/site-packages/pandas/__init__.py", line 17, in <module>
    "Unable to import required dependencies:\n" + "\n".join(missing_dependencies)
ImportError: Unable to import required dependencies:
pytz: No module named 'pytz'
-----
 Make Figure 2 - EWS and DL predictions for sample model simulations 
-----
Traceback (most recent call last):
  File "generate_data.py", line 16, in <module>
    import pandas as pd
  File "/home/tbury/.local/lib/python3.7/site-packages/pandas/__init__.py", line 17, in <module>
    "Unable to import required dependencies:\n" + "\n".join(missing_dependencies)
ImportError: Unable to import required dependencies:
pytz: No module named 'pytz'
Traceback (most recent call last):
  File "make_fig.py", line 28, in <module>
    import pandas as pd
  File "/home/tbury/.local/lib/python3.7/site-packages/pandas/__init__.py", line 17, in <module>
    "Unable to import required dependencies:\n" + "\n".join(missing_dependencies)
ImportError: Unable to import required dependencies:
pytz: No module named 'pytz'
-----
 Make Sup Fig 4 - AUC scores across rof and sigma 
-----
Traceback (most recent call last):
  File "make_fig.py", line 18, in <module>
    import pandas as pd
  File "/home/tbury/.local/lib/python3.7/site-packages/pandas/__init__.py", line 17, in <module>
    "Unable to import required dependencies:\n" + "\n".join(missing_dependencies)
ImportError: Unable to import required dependencies:
pytz: No module named 'pytz'
-----
 Make Sup Fig 5 - DL favourite bifurcation prop. correct 
-----
Traceback (most recent call last):
  File "make_fig.py", line 17, in <module>
    import pandas as pd
  File "/home/tbury/.local/lib/python3.7/site-packages/pandas/__init__.py", line 17, in <module>
    "Unable to import required dependencies:\n" + "\n".join(missing_dependencies)
ImportError: Unable to import required dependencies:
pytz: No module named 'pytz'
-----
 Find transition times in chick heart data 
-----
Traceback (most recent call last):
  File "find_transition_times.py", line 12, in <module>
    import pandas as pd
  File "/home/tbury/.local/lib/python3.7/site-packages/pandas/__init__.py", line 17, in <module>
    "Unable to import required dependencies:\n" + "\n".join(missing_dependencies)
ImportError: Unable to import required dependencies:
pytz: No module named 'pytz'
-----
 Compute EWS in chick heart data 
-----
Traceback (most recent call last):
  File "compute_ews.py", line 15, in <module>
    import pandas as pd
  File "/home/tbury/.local/lib/python3.7/site-packages/pandas/__init__.py", line 17, in <module>
    "Unable to import required dependencies:\n" + "\n".join(missing_dependencies)
ImportError: Unable to import required dependencies:
pytz: No module named 'pytz'
-----
 Test EWS and DL in chick heart data 
-----
Traceback (most recent call last):
  File "test_chick_heart.py", line 18, in <module>
    import pandas as pd
  File "/home/tbury/.local/lib/python3.7/site-packages/pandas/__init__.py", line 17, in <module>
    "Unable to import required dependencies:\n" + "\n".join(missing_dependencies)
ImportError: Unable to import required dependencies:
pytz: No module named 'pytz'
Traceback (most recent call last):
  File "compute_roc.py", line 15, in <module>
    import pandas as pd
  File "/home/tbury/.local/lib/python3.7/site-packages/pandas/__init__.py", line 17, in <module>
    "Unable to import required dependencies:\n" + "\n".join(missing_dependencies)
ImportError: Unable to import required dependencies:
pytz: No module named 'pytz'
-----
 Make figure 3 - sample EWS and DL preds in chick heart data 
-----
Traceback (most recent call last):
  File "make_fig.py", line 23, in <module>
    import pandas as pd
  File "/home/tbury/.local/lib/python3.7/site-packages/pandas/__init__.py", line 17, in <module>
    "Unable to import required dependencies:\n" + "\n".join(missing_dependencies)
ImportError: Unable to import required dependencies:
pytz: No module named 'pytz'
-----
 Make Fig S6 S7 - EWS in chick heart period-doubling 
-----
Traceback (most recent call last):
  File "make_fig.py", line 22, in <module>
    import pandas as pd
  File "/home/tbury/.local/lib/python3.7/site-packages/pandas/__init__.py", line 17, in <module>
    "Unable to import required dependencies:\n" + "\n".join(missing_dependencies)
ImportError: Unable to import required dependencies:
pytz: No module named 'pytz'
-----
 Make Fig S8 S9 - EWS in chick heart null 
-----
Traceback (most recent call last):
  File "make_fig.py", line 22, in <module>
    import pandas as pd
  File "/home/tbury/.local/lib/python3.7/site-packages/pandas/__init__.py", line 17, in <module>
    "Unable to import required dependencies:\n" + "\n".join(missing_dependencies)
ImportError: Unable to import required dependencies:
pytz: No module named 'pytz'
-----
 Make Figure 4 - ROC curves 
-----
Traceback (most recent call last):
  File "make_fig.py", line 17, in <module>
    import pandas as pd
  File "/home/tbury/.local/lib/python3.7/site-packages/pandas/__init__.py", line 17, in <module>
    "Unable to import required dependencies:\n" + "\n".join(missing_dependencies)
ImportError: Unable to import required dependencies:
pytz: No module named 'pytz'
